<?xml version="1.0" encoding="UTF-8"?>
<testng-results skipped="0" failed="0" ignored="0" total="1" passed="1">
  <reporter-output>
  </reporter-output>
  <suite name="Suite" duration-ms="32868" started-at="2019-06-18T15:38:18Z" finished-at="2019-06-18T15:38:50Z">
    <groups>
    </groups>
    <test name="Test" duration-ms="32868" started-at="2019-06-18T15:38:18Z" finished-at="2019-06-18T15:38:50Z">
      <class name="script.testhomepage">
        <test-method status="PASS" signature="openapp()[pri:0, instance:script.testhomepage@e2cbe0]" name="openapp" is-config="true" duration-ms="25322" started-at="2019-06-18T15:38:18Z" finished-at="2019-06-18T15:38:43Z">
          <reporter-output>
          </reporter-output>
        </test-method> <!-- openapp -->
        <test-method status="PASS" signature="home()[pri:0, instance:script.testhomepage@e2cbe0]" name="home" duration-ms="5115" started-at="2019-06-18T15:38:43Z" finished-at="2019-06-18T15:38:48Z">
          <reporter-output>
          </reporter-output>
        </test-method> <!-- home -->
        <test-method status="PASS" signature="closeapp()[pri:0, instance:script.testhomepage@e2cbe0]" name="closeapp" is-config="true" duration-ms="2396" started-at="2019-06-18T15:38:48Z" finished-at="2019-06-18T15:38:50Z">
          <reporter-output>
          </reporter-output>
        </test-method> <!-- closeapp -->
      </class> <!-- script.testhomepage -->
    </test> <!-- Test -->
  </suite> <!-- Suite -->
</testng-results>
